\BOOKMARK [1][-]{section.1}{\376\377\000I\000n\000t\000r\000o\000d\000u\000c\000t\000i\000o\000n}{}% 1
\BOOKMARK [1][-]{section.2}{\376\377\000M\000e\000t\000h\000o\000d\000s\000\040}{}% 2
\BOOKMARK [2][-]{subsection.2.1}{\376\377\000R\000e\000v\000i\000e\000w\000:\000\040\000N\000o\000t\000a\000t\000i\000o\000n\000,\000\040\000D\000e\000f\000i\000n\000i\000t\000i\000o\000n\000s\000,\000\040\000a\000n\000d\000\040\000A\000s\000s\000u\000m\000p\000t\000i\000o\000n\000s}{section.2}% 3
\BOOKMARK [2][-]{subsection.2.2}{\376\377\000I\000V\000\040\000B\000o\000u\000n\000d\000s\000\040\000U\000n\000d\000e\000r\000\040\000T\000w\000o\000-\000S\000a\000m\000p\000l\000e\000\040\000D\000e\000s\000i\000g\000n\000s\000\040\000a\000n\000d\000\040\000G\000o\000a\000l\000s\000\040\000o\000f\000\040\000P\000a\000p\000e\000r}{section.2}% 4
\BOOKMARK [1][-]{section.3}{\376\377\000P\000r\000o\000p\000e\000r\000t\000i\000e\000s\000\040\000o\000f\000\040\000I\000V\000\040\000B\000o\000u\000n\000d\000s}{}% 5
\BOOKMARK [2][-]{subsection.3.1}{\376\377\000L\000e\000n\000g\000t\000h\000\040\000o\000f\000\040\000B\000o\000u\000n\000d\000s\000\040\000a\000n\000d\000\040\000C\000o\000v\000e\000r\000a\000g\000e\000\040\000o\000f\000\040\000N\000u\000l\000l\000\040\000E\000f\000f\000e\000c\000t}{section.3}% 6
\BOOKMARK [2][-]{subsection.3.2}{\376\377\000W\000o\000u\000l\000d\000\040\000M\000u\000l\000t\000i\000p\000l\000e\000\040\000I\000n\000s\000t\000r\000u\000m\000e\000n\000t\000s\000\040\000H\000e\000l\000p\000?}{section.3}% 7
\BOOKMARK [1][-]{section.4}{\376\377\000C\000h\000a\000r\000a\000c\000t\000e\000r\000i\000n\000g\000\040\000t\000h\000e\000\040\000L\000o\000s\000s\000\040\000o\000f\000\040\000I\000n\000f\000o\000r\000m\000a\000t\000i\000o\000n\000\040\000i\000n\000\040\000T\000w\000o\000-\000S\000a\000m\000p\000l\000e\000\040\000M\000R\000\040\000S\000t\000u\000d\000i\000e\000s}{}% 8
\BOOKMARK [1][-]{section.5}{\376\377\000R\000e\000s\000u\000l\000t\000s\000\040}{}% 9
\BOOKMARK [1][-]{section.6}{\376\377\000D\000i\000s\000c\000u\000s\000s\000i\000o\000n\000\040}{}% 10
\BOOKMARK [1][-]{appendix.A}{\376\377\000L\000o\000g\000i\000s\000t\000i\000c\000\040\000M\000o\000d\000e\000l\000s\000\040}{}% 11
\BOOKMARK [1][-]{appendix.B}{\376\377\000B\000o\000u\000n\000d\000s\000\040\000o\000n\000\040\000A\000v\000e\000r\000a\000g\000e\000\040\000T\000r\000e\000a\000t\000m\000e\000n\000t\000\040\000E\000f\000f\000e\000c\000t}{}% 12
\BOOKMARK [1][-]{appendix.C}{\376\377\000E\000x\000p\000l\000o\000r\000a\000t\000i\000o\000n\000\040\000o\000f\000\040\000S\000c\000e\000n\000a\000r\000i\000o\000s\000\040\000W\000h\000e\000r\000e\000\040\000B\000o\000u\000n\000d\000s\000\040\000a\000r\000e\000\040\000F\000l\000i\000p\000p\000e\000d\000\040}{}% 13
\BOOKMARK [1][-]{appendix.D}{\376\377\000P\000r\000o\000o\000f\000\040\000o\000f\000\040\000T\000h\000e\000o\000r\000e\000m\000\040}{}% 14
\BOOKMARK [1][-]{appendix.E}{\376\377\000S\000i\000m\000u\000l\000a\000t\000i\000o\000n\000\040\000S\000e\000t\000u\000p\000\040\000a\000n\000d\000\040\000R\000e\000s\000u\000l\000t\000s\000\040\000f\000o\000r\000\040\000S\000e\000c\000t\000i\000o\000n\000\040}{}% 15
\BOOKMARK [1][-]{appendix.F}{\376\377\000B\000o\000u\000n\000d\000s\000\040\000F\000r\000o\000m\000\040\000T\000w\000o\000\040\000S\000a\000m\000p\000l\000e\000\040\000D\000a\000t\000a\000\040\000W\000i\000t\000h\000\040\000M\000u\000l\000t\000i\000p\000l\000e\000\040\000I\000V\000s\000\040}{}% 16
\BOOKMARK [1][-]{appendix.G}{\376\377\000R\000e\000c\000o\000n\000s\000t\000r\000u\000c\000t\000i\000n\000g\000\040\000t\000h\000e\000\040\000J\000o\000i\000n\000t\000\040\000D\000i\000s\000t\000r\000i\000b\000u\000t\000i\000o\000n\000\040\000P\000\050\000X\000,\000\040\000Y\000\040\000|\000\040\000Z\000\051\000\040}{}% 17
\BOOKMARK [1][-]{appendix.H}{\376\377\000S\000a\000m\000p\000l\000i\000n\000g\000\040\000o\000f\000\040\000I\000n\000t\000e\000r\000s\000e\000c\000t\000i\000o\000n\000\040\000B\000o\000u\000n\000d\000s\000\040\000F\000r\000o\000m\000\040\000T\000w\000o\000\040\000I\000n\000s\000t\000r\000u\000m\000e\000n\000t\000s\000\040}{}% 18
\BOOKMARK [1][-]{appendix.I}{\376\377\000A\000d\000d\000i\000t\000i\000o\000n\000a\000l\000\040\000S\000u\000m\000m\000a\000r\000y\000\040\000S\000t\000a\000t\000i\000s\000t\000i\000c\000s\000\040\000a\000n\000d\000\040\000F\000i\000g\000u\000r\000e\000s\000\040\000f\000o\000r\000\040\000A\000n\000a\000l\000y\000s\000e\000s\000\040\000P\000r\000e\000s\000e\000n\000t\000e\000d\000\040\000i\000n\000\040\000S\000e\000c\000t\000i\000o\000n\000\040}{}% 19
\BOOKMARK [2][-]{subsection.I.1}{\376\377\000E\000f\000f\000e\000c\000t\000\040\000o\000f\000\040\000S\000m\000o\000k\000i\000n\000g\000\040\000o\000n\000\040\000L\000u\000n\000g\000\040\000C\000a\000n\000c\000e\000r\000\040}{appendix.I}% 20
\BOOKMARK [2][-]{subsection.I.2}{\376\377\000E\000f\000f\000e\000c\000t\000\040\000o\000f\000\040\000H\000i\000g\000h\000\040\000C\000h\000o\000l\000e\000s\000t\000e\000r\000o\000l\000\040\000o\000n\000\040\000H\000e\000a\000r\000t\000\040\000A\000t\000t\000a\000c\000k\000\040}{appendix.I}% 21
