This is pdfTeX, Version 3.14159265-2.6-1.40.21 (TeX Live 2020) (preloaded format=pdflatex 2020.12.1)  2 DEC 2020 20:42
entering extended mode
 restricted \write18 enabled.
 %&-line parsing enabled.
**long_description.tex
(./long_description.tex
LaTeX2e <2020-10-01> patch level 2
L3 programming layer <2020-10-27> xparse <2020-03-03> (/Users/ralphtrane/Librar
y/TinyTeX/texmf-dist/tex/latex/base/article.cls
Document Class: article 2020/04/10 v1.4m Standard LaTeX document class
(/Users/ralphtrane/Library/TinyTeX/texmf-dist/tex/latex/base/size10.clo
File: size10.clo 2020/04/10 v1.4m Standard LaTeX file (size option)
)
\c@part=\count175
\c@section=\count176
\c@subsection=\count177
\c@subsubsection=\count178
\c@paragraph=\count179
\c@subparagraph=\count180
\c@figure=\count181
\c@table=\count182
\abovecaptionskip=\skip47
\belowcaptionskip=\skip48
\bibindent=\dimen138
) (/Users/ralphtrane/Library/TinyTeX/texmf-dist/tex/latex/lm/lmodern.sty
Package: lmodern 2009/10/30 v1.6 Latin Modern Fonts
LaTeX Font Info:    Overwriting symbol font `operators' in version `normal'
(Font)                  OT1/cmr/m/n --> OT1/lmr/m/n on input line 22.
LaTeX Font Info:    Overwriting symbol font `letters' in version `normal'
(Font)                  OML/cmm/m/it --> OML/lmm/m/it on input line 23.
LaTeX Font Info:    Overwriting symbol font `symbols' in version `normal'
(Font)                  OMS/cmsy/m/n --> OMS/lmsy/m/n on input line 24.
LaTeX Font Info:    Overwriting symbol font `largesymbols' in version `normal'
(Font)                  OMX/cmex/m/n --> OMX/lmex/m/n on input line 25.
LaTeX Font Info:    Overwriting symbol font `operators' in version `bold'
(Font)                  OT1/cmr/bx/n --> OT1/lmr/bx/n on input line 26.
LaTeX Font Info:    Overwriting symbol font `letters' in version `bold'
(Font)                  OML/cmm/b/it --> OML/lmm/b/it on input line 27.
LaTeX Font Info:    Overwriting symbol font `symbols' in version `bold'
(Font)                  OMS/cmsy/b/n --> OMS/lmsy/b/n on input line 28.
LaTeX Font Info:    Overwriting symbol font `largesymbols' in version `bold'
(Font)                  OMX/cmex/m/n --> OMX/lmex/m/n on input line 29.
LaTeX Font Info:    Overwriting math alphabet `\mathbf' in version `normal'
(Font)                  OT1/cmr/bx/n --> OT1/lmr/bx/n on input line 31.
LaTeX Font Info:    Overwriting math alphabet `\mathsf' in version `normal'
(Font)                  OT1/cmss/m/n --> OT1/lmss/m/n on input line 32.
LaTeX Font Info:    Overwriting math alphabet `\mathit' in version `normal'
(Font)                  OT1/cmr/m/it --> OT1/lmr/m/it on input line 33.
LaTeX Font Info:    Overwriting math alphabet `\mathtt' in version `normal'
(Font)                  OT1/cmtt/m/n --> OT1/lmtt/m/n on input line 34.
LaTeX Font Info:    Overwriting math alphabet `\mathbf' in version `bold'
(Font)                  OT1/cmr/bx/n --> OT1/lmr/bx/n on input line 35.
LaTeX Font Info:    Overwriting math alphabet `\mathsf' in version `bold'
(Font)                  OT1/cmss/bx/n --> OT1/lmss/bx/n on input line 36.
LaTeX Font Info:    Overwriting math alphabet `\mathit' in version `bold'
(Font)                  OT1/cmr/bx/it --> OT1/lmr/bx/it on input line 37.
LaTeX Font Info:    Overwriting math alphabet `\mathtt' in version `bold'
(Font)                  OT1/cmtt/m/n --> OT1/lmtt/m/n on input line 38.
) (/Users/ralphtrane/Library/TinyTeX/texmf-dist/tex/latex/amsfonts/amssymb.sty
Package: amssymb 2013/01/14 v3.01 AMS font symbols
(/Users/ralphtrane/Library/TinyTeX/texmf-dist/tex/latex/amsfonts/amsfonts.sty
Package: amsfonts 2013/01/14 v3.01 Basic AMSFonts support
\@emptytoks=\toks15
\symAMSa=\mathgroup4
\symAMSb=\mathgroup5
LaTeX Font Info:    Redeclaring math symbol \hbar on input line 98.
LaTeX Font Info:    Overwriting math alphabet `\mathfrak' in version `bold'
(Font)                  U/euf/m/n --> U/euf/b/n on input line 106.
)) (/Users/ralphtrane/Library/TinyTeX/texmf-dist/tex/latex/amsmath/amsmath.sty
Package: amsmath 2020/09/23 v2.17i AMS math features
\@mathmargin=\skip49
For additional information on amsmath, use the `?' option.
(/Users/ralphtrane/Library/TinyTeX/texmf-dist/tex/latex/amsmath/amstext.sty
Package: amstext 2000/06/29 v2.01 AMS text
(/Users/ralphtrane/Library/TinyTeX/texmf-dist/tex/latex/amsmath/amsgen.sty
File: amsgen.sty 1999/11/30 v2.0 generic functions
\@emptytoks=\toks16
\ex@=\dimen139
)) (/Users/ralphtrane/Library/TinyTeX/texmf-dist/tex/latex/amsmath/amsbsy.sty
Package: amsbsy 1999/11/29 v1.2d Bold Symbols
\pmbraise@=\dimen140
) (/Users/ralphtrane/Library/TinyTeX/texmf-dist/tex/latex/amsmath/amsopn.sty
Package: amsopn 2016/03/08 v2.02 operator names
)
\inf@bad=\count183
LaTeX Info: Redefining \frac on input line 234.
\uproot@=\count184
\leftroot@=\count185
LaTeX Info: Redefining \overline on input line 399.
\classnum@=\count186
\DOTSCASE@=\count187
LaTeX Info: Redefining \ldots on input line 496.
LaTeX Info: Redefining \dots on input line 499.
LaTeX Info: Redefining \cdots on input line 620.
\Mathstrutbox@=\box47
\strutbox@=\box48
\big@size=\dimen141
LaTeX Font Info:    Redeclaring font encoding OML on input line 743.
LaTeX Font Info:    Redeclaring font encoding OMS on input line 744.
\macc@depth=\count188
\c@MaxMatrixCols=\count189
\dotsspace@=\muskip16
\c@parentequation=\count190
\dspbrk@lvl=\count191
\tag@help=\toks17
\row@=\count192
\column@=\count193
\maxfields@=\count194
\andhelp@=\toks18
\eqnshift@=\dimen142
\alignsep@=\dimen143
\tagshift@=\dimen144
\tagwidth@=\dimen145
\totwidth@=\dimen146
\lineht@=\dimen147
\@envbody=\toks19
\multlinegap=\skip50
\multlinetaggap=\skip51
\mathdisplay@stack=\toks20
LaTeX Info: Redefining \[ on input line 2923.
LaTeX Info: Redefining \] on input line 2924.
) (/Users/ralphtrane/Library/TinyTeX/texmf-dist/tex/generic/iftex/ifxetex.sty
Package: ifxetex 2019/10/25 v0.7 ifxetex legacy package. Use iftex instead.
(/Users/ralphtrane/Library/TinyTeX/texmf-dist/tex/generic/iftex/iftex.sty
Package: iftex 2020/03/06 v1.0d TeX engine tests
)) (/Users/ralphtrane/Library/TinyTeX/texmf-dist/tex/generic/iftex/ifluatex.sty
Package: ifluatex 2019/10/25 v1.5 ifluatex legacy package. Use iftex instead.
) (/Users/ralphtrane/Library/TinyTeX/texmf-dist/tex/latex/base/fontenc.sty
Package: fontenc 2020/08/10 v2.0s Standard LaTeX package
LaTeX Font Info:    Trying to load font information for T1+lmr on input line 11
2.
(/Users/ralphtrane/Library/TinyTeX/texmf-dist/tex/latex/lm/t1lmr.fd
File: t1lmr.fd 2009/10/30 v1.6 Font defs for Latin Modern
)) (/Users/ralphtrane/Library/TinyTeX/texmf-dist/tex/latex/base/inputenc.sty
Package: inputenc 2020/08/01 v1.3d Input encoding file
\inpenc@prehook=\toks21
\inpenc@posthook=\toks22
) (/Users/ralphtrane/Library/TinyTeX/texmf-dist/tex/latex/base/textcomp.sty
Package: textcomp 2020/02/02 v2.0n Standard LaTeX package
) (/Users/ralphtrane/Library/TinyTeX/texmf-dist/tex/latex/upquote/upquote.sty
Package: upquote 2012/04/19 v1.3 upright-quote and grave-accent glyphs in verba
tim
) (/Users/ralphtrane/Library/TinyTeX/texmf-dist/tex/latex/xcolor/xcolor.sty
Package: xcolor 2016/05/11 v2.12 LaTeX color extensions (UK)
(/Users/ralphtrane/Library/TinyTeX/texmf-dist/tex/latex/graphics-cfg/color.cfg
File: color.cfg 2016/01/02 v1.6 sample color configuration
)
Package xcolor Info: Driver file: pdftex.def on input line 225.

(/Users/ralphtrane/Library/TinyTeX/texmf-dist/tex/latex/graphics-def/pdftex.def
File: pdftex.def 2020/10/05 v1.2a Graphics/color driver for pdftex
)
Package xcolor Info: Model `cmy' substituted by `cmy0' on input line 1348.
Package xcolor Info: Model `hsb' substituted by `rgb' on input line 1352.
Package xcolor Info: Model `RGB' extended on input line 1364.
Package xcolor Info: Model `HTML' substituted by `rgb' on input line 1366.
Package xcolor Info: Model `Hsb' substituted by `hsb' on input line 1367.
Package xcolor Info: Model `tHsb' substituted by `hsb' on input line 1368.
Package xcolor Info: Model `HSB' substituted by `hsb' on input line 1369.
Package xcolor Info: Model `Gray' substituted by `gray' on input line 1370.
Package xcolor Info: Model `wave' substituted by `hsb' on input line 1371.
) (/Users/ralphtrane/Library/TinyTeX/texmf-dist/tex/latex/hyperref/hyperref.sty
Package: hyperref 2020-05-15 v7.00e Hypertext links for LaTeX
(/Users/ralphtrane/Library/TinyTeX/texmf-dist/tex/generic/ltxcmds/ltxcmds.sty
Package: ltxcmds 2020-05-10 v1.25 LaTeX kernel commands for general use (HO)
)
(/Users/ralphtrane/Library/TinyTeX/texmf-dist/tex/generic/pdftexcmds/pdftexcmds
.sty
Package: pdftexcmds 2020-06-27 v0.33 Utility functions of pdfTeX for LuaTeX (HO
)

(/Users/ralphtrane/Library/TinyTeX/texmf-dist/tex/generic/infwarerr/infwarerr.s
ty
Package: infwarerr 2019/12/03 v1.5 Providing info/warning/error messages (HO)
)
Package pdftexcmds Info: \pdf@primitive is available.
Package pdftexcmds Info: \pdf@ifprimitive is available.
Package pdftexcmds Info: \pdfdraftmode found.
) (/Users/ralphtrane/Library/TinyTeX/texmf-dist/tex/latex/graphics/keyval.sty
Package: keyval 2014/10/28 v1.15 key=value parser (DPC)
\KV@toks@=\toks23
)
(/Users/ralphtrane/Library/TinyTeX/texmf-dist/tex/generic/kvsetkeys/kvsetkeys.s
ty
Package: kvsetkeys 2019/12/15 v1.18 Key value parser (HO)
)
(/Users/ralphtrane/Library/TinyTeX/texmf-dist/tex/generic/kvdefinekeys/kvdefine
keys.sty
Package: kvdefinekeys 2019-12-19 v1.6 Define keys (HO)
)
(/Users/ralphtrane/Library/TinyTeX/texmf-dist/tex/generic/pdfescape/pdfescape.s
ty
Package: pdfescape 2019/12/09 v1.15 Implements pdfTeX's escape features (HO)
) (/Users/ralphtrane/Library/TinyTeX/texmf-dist/tex/latex/hycolor/hycolor.sty
Package: hycolor 2020-01-27 v1.10 Color options for hyperref/bookmark (HO)
)
(/Users/ralphtrane/Library/TinyTeX/texmf-dist/tex/latex/letltxmacro/letltxmacro
.sty
Package: letltxmacro 2019/12/03 v1.6 Let assignment for LaTeX macros (HO)
) (/Users/ralphtrane/Library/TinyTeX/texmf-dist/tex/latex/auxhook/auxhook.sty
Package: auxhook 2019-12-17 v1.6 Hooks for auxiliary files (HO)
)
(/Users/ralphtrane/Library/TinyTeX/texmf-dist/tex/latex/kvoptions/kvoptions.sty
Package: kvoptions 2020-10-07 v3.14 Key value format for package options (HO)
)
\@linkdim=\dimen148
\Hy@linkcounter=\count195
\Hy@pagecounter=\count196
(/Users/ralphtrane/Library/TinyTeX/texmf-dist/tex/latex/hyperref/pd1enc.def
File: pd1enc.def 2020-05-15 v7.00e Hyperref: PDFDocEncoding definition (HO)
Now handling font encoding PD1 ...
... no UTF-8 mapping file for font encoding PD1
) (/Users/ralphtrane/Library/TinyTeX/texmf-dist/tex/generic/intcalc/intcalc.sty
Package: intcalc 2019/12/15 v1.3 Expandable calculations with integers (HO)
)
(/Users/ralphtrane/Library/TinyTeX/texmf-dist/tex/generic/etexcmds/etexcmds.sty
Package: etexcmds 2019/12/15 v1.7 Avoid name clashes with e-TeX commands (HO)
)
\Hy@SavedSpaceFactor=\count197
Package hyperref Info: Option `unicode' set `true' on input line 4338.
(/Users/ralphtrane/Library/TinyTeX/texmf-dist/tex/latex/hyperref/puenc.def
File: puenc.def 2020-05-15 v7.00e Hyperref: PDF Unicode definition (HO)
Now handling font encoding PU ...
... no UTF-8 mapping file for font encoding PU
)
Package hyperref Info: Hyper figures OFF on input line 4464.
Package hyperref Info: Link nesting OFF on input line 4469.
Package hyperref Info: Hyper index ON on input line 4472.
Package hyperref Info: Plain pages OFF on input line 4479.
Package hyperref Info: Backreferencing OFF on input line 4484.
Package hyperref Info: Implicit mode ON; LaTeX internals redefined.
Package hyperref Info: Bookmarks ON on input line 4717.
\c@Hy@tempcnt=\count198
(/Users/ralphtrane/Library/TinyTeX/texmf-dist/tex/latex/url/url.sty
\Urlmuskip=\muskip17
Package: url 2013/09/16  ver 3.4  Verb mode for urls, etc.
)
LaTeX Info: Redefining \url on input line 5076.
\XeTeXLinkMargin=\dimen149
(/Users/ralphtrane/Library/TinyTeX/texmf-dist/tex/generic/bitset/bitset.sty
Package: bitset 2019/12/09 v1.3 Handle bit-vector datatype (HO)

(/Users/ralphtrane/Library/TinyTeX/texmf-dist/tex/generic/bigintcalc/bigintcalc
.sty
Package: bigintcalc 2019/12/15 v1.5 Expandable calculations on big integers (HO
)
))
\Fld@menulength=\count199
\Field@Width=\dimen150
\Fld@charsize=\dimen151
Package hyperref Info: Hyper figures OFF on input line 6347.
Package hyperref Info: Link nesting OFF on input line 6352.
Package hyperref Info: Hyper index ON on input line 6355.
Package hyperref Info: backreferencing OFF on input line 6362.
Package hyperref Info: Link coloring OFF on input line 6367.
Package hyperref Info: Link coloring with OCG OFF on input line 6372.
Package hyperref Info: PDF/A mode OFF on input line 6377.
LaTeX Info: Redefining \ref on input line 6417.
LaTeX Info: Redefining \pageref on input line 6421.
(/Users/ralphtrane/Library/TinyTeX/texmf-dist/tex/latex/base/atbegshi-ltx.sty
Package: atbegshi-ltx 2020/08/17 v1.0a Emulation of the original atbegshi packa
ge
with kernel methods
)
\Hy@abspage=\count266
\c@Item=\count267
\c@Hfootnote=\count268
)
Package hyperref Info: Driver (autodetected): hpdftex.
(/Users/ralphtrane/Library/TinyTeX/texmf-dist/tex/latex/hyperref/hpdftex.def
File: hpdftex.def 2020-05-15 v7.00e Hyperref driver for pdfTeX
(/Users/ralphtrane/Library/TinyTeX/texmf-dist/tex/latex/base/atveryend-ltx.sty
Package: atveryend-ltx 2020/08/19 v1.0a Emulation of the original atvery packag
e
with kernel methods
)
\Fld@listcount=\count269
\c@bookmark@seq@number=\count270

(/Users/ralphtrane/Library/TinyTeX/texmf-dist/tex/latex/rerunfilecheck/rerunfil
echeck.sty
Package: rerunfilecheck 2019/12/05 v1.9 Rerun checks for auxiliary files (HO)

(/Users/ralphtrane/Library/TinyTeX/texmf-dist/tex/generic/uniquecounter/uniquec
ounter.sty
Package: uniquecounter 2019/12/15 v1.4 Provide unlimited unique counter (HO)
)
Package uniquecounter Info: New unique counter `rerunfilecheck' on input line 2
86.
)
\Hy@SectionHShift=\skip52
) (/Users/ralphtrane/Library/TinyTeX/texmf-dist/tex/latex/geometry/geometry.sty
Package: geometry 2020/01/02 v5.9 Page Geometry
(/Users/ralphtrane/Library/TinyTeX/texmf-dist/tex/generic/iftex/ifvtex.sty
Package: ifvtex 2019/10/25 v1.7 ifvtex legacy package. Use iftex instead.
)
\Gm@cnth=\count271
\Gm@cntv=\count272
\c@Gm@tempcnt=\count273
\Gm@bindingoffset=\dimen152
\Gm@wd@mp=\dimen153
\Gm@odd@mp=\dimen154
\Gm@even@mp=\dimen155
\Gm@layoutwidth=\dimen156
\Gm@layoutheight=\dimen157
\Gm@layouthoffset=\dimen158
\Gm@layoutvoffset=\dimen159
\Gm@dimlist=\toks24
) (/Users/ralphtrane/Library/TinyTeX/texmf-dist/tex/latex/tools/longtable.sty
Package: longtable 2020/01/07 v4.13 Multi-page Table package (DPC)
\LTleft=\skip53
\LTright=\skip54
\LTpre=\skip55
\LTpost=\skip56
\LTchunksize=\count274
\LTcapwidth=\dimen160
\LT@head=\box49
\LT@firsthead=\box50
\LT@foot=\box51
\LT@lastfoot=\box52
\LT@cols=\count275
\LT@rows=\count276
\c@LT@tables=\count277
\c@LT@chunks=\count278
\LT@p@ftn=\toks25
) (/Users/ralphtrane/Library/TinyTeX/texmf-dist/tex/latex/booktabs/booktabs.sty
Package: booktabs 2020/01/12 v1.61803398 Publication quality tables
\heavyrulewidth=\dimen161
\lightrulewidth=\dimen162
\cmidrulewidth=\dimen163
\belowrulesep=\dimen164
\belowbottomsep=\dimen165
\aboverulesep=\dimen166
\abovetopsep=\dimen167
\cmidrulesep=\dimen168
\cmidrulekern=\dimen169
\defaultaddspace=\dimen170
\@cmidla=\count279
\@cmidlb=\count280
\@aboverulesep=\dimen171
\@belowrulesep=\dimen172
\@thisruleclass=\count281
\@lastruleclass=\count282
\@thisrulewidth=\dimen173
) (/Users/ralphtrane/Library/TinyTeX/texmf-dist/tex/latex/etoolbox/etoolbox.sty
Package: etoolbox 2020/10/05 v2.5k e-TeX tools for LaTeX (JAW)
\etb@tempcnta=\count283
) (/Users/ralphtrane/Library/TinyTeX/texmf-dist/tex/latex/mdwtools/footnote.sty
Package: footnote 1997/01/28 1.13 Save footnotes around boxes
\fn@notes=\box53
\fn@width=\dimen174
) (/Users/ralphtrane/Library/TinyTeX/texmf-dist/tex/latex/graphics/graphicx.sty
Package: graphicx 2020/09/09 v1.2b Enhanced LaTeX Graphics (DPC,SPQR)
(/Users/ralphtrane/Library/TinyTeX/texmf-dist/tex/latex/graphics/graphics.sty
Package: graphics 2020/08/30 v1.4c Standard LaTeX Graphics (DPC,SPQR)
(/Users/ralphtrane/Library/TinyTeX/texmf-dist/tex/latex/graphics/trig.sty
Package: trig 2016/01/03 v1.10 sin cos tan (DPC)
)
(/Users/ralphtrane/Library/TinyTeX/texmf-dist/tex/latex/graphics-cfg/graphics.c
fg
File: graphics.cfg 2016/06/04 v1.11 sample graphics configuration
)
Package graphics Info: Driver file: pdftex.def on input line 105.
)
\Gin@req@height=\dimen175
\Gin@req@width=\dimen176
) (/Users/ralphtrane/Library/TinyTeX/texmf-dist/tex/latex/grffile/grffile.sty
Package: grffile 2019/11/11 v2.1 Extended file name support for graphics (legac
y)
Package grffile Info: This package is an empty stub for compatibility on input 
line 40.
) (/Users/ralphtrane/Library/TinyTeX/texmf-dist/tex/generic/ulem/ulem.sty
\UL@box=\box54
\UL@hyphenbox=\box55
\UL@skip=\skip57
\UL@hook=\toks26
\UL@height=\dimen177
\UL@pe=\count284
\UL@pixel=\dimen178
\ULC@box=\box56
Package: ulem 2019/11/18
\ULdepth=\dimen179
) (/Users/ralphtrane/Library/TinyTeX/texmf-dist/tex/latex/amscls/amsthm.sty
Package: amsthm 2020/05/29 v2.20.6
\thm@style=\toks27
\thm@bodyfont=\toks28
\thm@headfont=\toks29
\thm@notefont=\toks30
\thm@headpunct=\toks31
\thm@preskip=\skip58
\thm@postskip=\skip59
\thm@headsep=\skip60
\dth@everypar=\toks32
)
(/Users/ralphtrane/Library/TinyTeX/texmf-dist/tex/latex/pgf/frontendlayer/tikz.
sty (/Users/ralphtrane/Library/TinyTeX/texmf-dist/tex/latex/pgf/basiclayer/pgf.
sty
(/Users/ralphtrane/Library/TinyTeX/texmf-dist/tex/latex/pgf/utilities/pgfrcs.st
y
(/Users/ralphtrane/Library/TinyTeX/texmf-dist/tex/generic/pgf/utilities/pgfutil
-common.tex
\pgfutil@everybye=\toks33
\pgfutil@tempdima=\dimen180
\pgfutil@tempdimb=\dimen181

(/Users/ralphtrane/Library/TinyTeX/texmf-dist/tex/generic/pgf/utilities/pgfutil
-common-lists.tex))
(/Users/ralphtrane/Library/TinyTeX/texmf-dist/tex/generic/pgf/utilities/pgfutil
-latex.def
\pgfutil@abb=\box57
)
(/Users/ralphtrane/Library/TinyTeX/texmf-dist/tex/generic/pgf/utilities/pgfrcs.
code.tex (/Users/ralphtrane/Library/TinyTeX/texmf-dist/tex/generic/pgf/pgf.revi
sion.tex)
Package: pgfrcs 2020/12/01 v3.1.7a (3.1.7a)
))
Package: pgf 2020/12/01 v3.1.7a (3.1.7a)

(/Users/ralphtrane/Library/TinyTeX/texmf-dist/tex/latex/pgf/basiclayer/pgfcore.
sty
(/Users/ralphtrane/Library/TinyTeX/texmf-dist/tex/latex/pgf/systemlayer/pgfsys.
sty
(/Users/ralphtrane/Library/TinyTeX/texmf-dist/tex/generic/pgf/systemlayer/pgfsy
s.code.tex
Package: pgfsys 2020/12/01 v3.1.7a (3.1.7a)

(/Users/ralphtrane/Library/TinyTeX/texmf-dist/tex/generic/pgf/utilities/pgfkeys
.code.tex
\pgfkeys@pathtoks=\toks34
\pgfkeys@temptoks=\toks35

(/Users/ralphtrane/Library/TinyTeX/texmf-dist/tex/generic/pgf/utilities/pgfkeys
filtered.code.tex
\pgfkeys@tmptoks=\toks36
))
\pgf@x=\dimen182
\pgf@y=\dimen183
\pgf@xa=\dimen184
\pgf@ya=\dimen185
\pgf@xb=\dimen186
\pgf@yb=\dimen187
\pgf@xc=\dimen188
\pgf@yc=\dimen189
\pgf@xd=\dimen190
\pgf@yd=\dimen191
\w@pgf@writea=\write3
\r@pgf@reada=\read2
\c@pgf@counta=\count285
\c@pgf@countb=\count286
\c@pgf@countc=\count287
\c@pgf@countd=\count288
\t@pgf@toka=\toks37
\t@pgf@tokb=\toks38
\t@pgf@tokc=\toks39
\pgf@sys@id@count=\count289

(/Users/ralphtrane/Library/TinyTeX/texmf-dist/tex/generic/pgf/systemlayer/pgf.c
fg
File: pgf.cfg 2020/12/01 v3.1.7a (3.1.7a)
)
Driver file for pgf: pgfsys-pdftex.def

(/Users/ralphtrane/Library/TinyTeX/texmf-dist/tex/generic/pgf/systemlayer/pgfsy
s-pdftex.def
File: pgfsys-pdftex.def 2020/12/01 v3.1.7a (3.1.7a)

(/Users/ralphtrane/Library/TinyTeX/texmf-dist/tex/generic/pgf/systemlayer/pgfsy
s-common-pdf.def
File: pgfsys-common-pdf.def 2020/12/01 v3.1.7a (3.1.7a)
)))
(/Users/ralphtrane/Library/TinyTeX/texmf-dist/tex/generic/pgf/systemlayer/pgfsy
ssoftpath.code.tex
File: pgfsyssoftpath.code.tex 2020/12/01 v3.1.7a (3.1.7a)
\pgfsyssoftpath@smallbuffer@items=\count290
\pgfsyssoftpath@bigbuffer@items=\count291
)
(/Users/ralphtrane/Library/TinyTeX/texmf-dist/tex/generic/pgf/systemlayer/pgfsy
sprotocol.code.tex
File: pgfsysprotocol.code.tex 2020/12/01 v3.1.7a (3.1.7a)
))
(/Users/ralphtrane/Library/TinyTeX/texmf-dist/tex/generic/pgf/basiclayer/pgfcor
e.code.tex
Package: pgfcore 2020/12/01 v3.1.7a (3.1.7a)

(/Users/ralphtrane/Library/TinyTeX/texmf-dist/tex/generic/pgf/math/pgfmath.code
.tex
(/Users/ralphtrane/Library/TinyTeX/texmf-dist/tex/generic/pgf/math/pgfmathcalc.
code.tex
(/Users/ralphtrane/Library/TinyTeX/texmf-dist/tex/generic/pgf/math/pgfmathutil.
code.tex)
(/Users/ralphtrane/Library/TinyTeX/texmf-dist/tex/generic/pgf/math/pgfmathparse
r.code.tex
\pgfmath@dimen=\dimen192
\pgfmath@count=\count292
\pgfmath@box=\box58
\pgfmath@toks=\toks40
\pgfmath@stack@operand=\toks41
\pgfmath@stack@operation=\toks42
)
(/Users/ralphtrane/Library/TinyTeX/texmf-dist/tex/generic/pgf/math/pgfmathfunct
ions.code.tex
(/Users/ralphtrane/Library/TinyTeX/texmf-dist/tex/generic/pgf/math/pgfmathfunct
ions.basic.code.tex)
(/Users/ralphtrane/Library/TinyTeX/texmf-dist/tex/generic/pgf/math/pgfmathfunct
ions.trigonometric.code.tex)
(/Users/ralphtrane/Library/TinyTeX/texmf-dist/tex/generic/pgf/math/pgfmathfunct
ions.random.code.tex)
(/Users/ralphtrane/Library/TinyTeX/texmf-dist/tex/generic/pgf/math/pgfmathfunct
ions.comparison.code.tex)
(/Users/ralphtrane/Library/TinyTeX/texmf-dist/tex/generic/pgf/math/pgfmathfunct
ions.base.code.tex)
(/Users/ralphtrane/Library/TinyTeX/texmf-dist/tex/generic/pgf/math/pgfmathfunct
ions.round.code.tex)
(/Users/ralphtrane/Library/TinyTeX/texmf-dist/tex/generic/pgf/math/pgfmathfunct
ions.misc.code.tex)
(/Users/ralphtrane/Library/TinyTeX/texmf-dist/tex/generic/pgf/math/pgfmathfunct
ions.integerarithmetics.code.tex)))
(/Users/ralphtrane/Library/TinyTeX/texmf-dist/tex/generic/pgf/math/pgfmathfloat
.code.tex
\c@pgfmathroundto@lastzeros=\count293
))
(/Users/ralphtrane/Library/TinyTeX/texmf-dist/tex/generic/pgf/math/pgfint.code.
tex)
(/Users/ralphtrane/Library/TinyTeX/texmf-dist/tex/generic/pgf/basiclayer/pgfcor
epoints.code.tex
File: pgfcorepoints.code.tex 2020/12/01 v3.1.7a (3.1.7a)
\pgf@picminx=\dimen193
\pgf@picmaxx=\dimen194
\pgf@picminy=\dimen195
\pgf@picmaxy=\dimen196
\pgf@pathminx=\dimen197
\pgf@pathmaxx=\dimen198
\pgf@pathminy=\dimen199
\pgf@pathmaxy=\dimen256
\pgf@xx=\dimen257
\pgf@xy=\dimen258
\pgf@yx=\dimen259
\pgf@yy=\dimen260
\pgf@zx=\dimen261
\pgf@zy=\dimen262
)
(/Users/ralphtrane/Library/TinyTeX/texmf-dist/tex/generic/pgf/basiclayer/pgfcor
epathconstruct.code.tex
File: pgfcorepathconstruct.code.tex 2020/12/01 v3.1.7a (3.1.7a)
\pgf@path@lastx=\dimen263
\pgf@path@lasty=\dimen264
)
(/Users/ralphtrane/Library/TinyTeX/texmf-dist/tex/generic/pgf/basiclayer/pgfcor
epathusage.code.tex
File: pgfcorepathusage.code.tex 2020/12/01 v3.1.7a (3.1.7a)
\pgf@shorten@end@additional=\dimen265
\pgf@shorten@start@additional=\dimen266
)
(/Users/ralphtrane/Library/TinyTeX/texmf-dist/tex/generic/pgf/basiclayer/pgfcor
escopes.code.tex
File: pgfcorescopes.code.tex 2020/12/01 v3.1.7a (3.1.7a)
\pgfpic=\box59
\pgf@hbox=\box60
\pgf@layerbox@main=\box61
\pgf@picture@serial@count=\count294
)
(/Users/ralphtrane/Library/TinyTeX/texmf-dist/tex/generic/pgf/basiclayer/pgfcor
egraphicstate.code.tex
File: pgfcoregraphicstate.code.tex 2020/12/01 v3.1.7a (3.1.7a)
\pgflinewidth=\dimen267
)
(/Users/ralphtrane/Library/TinyTeX/texmf-dist/tex/generic/pgf/basiclayer/pgfcor
etransformations.code.tex
File: pgfcoretransformations.code.tex 2020/12/01 v3.1.7a (3.1.7a)
\pgf@pt@x=\dimen268
\pgf@pt@y=\dimen269
\pgf@pt@temp=\dimen270
)
(/Users/ralphtrane/Library/TinyTeX/texmf-dist/tex/generic/pgf/basiclayer/pgfcor
equick.code.tex
File: pgfcorequick.code.tex 2020/12/01 v3.1.7a (3.1.7a)
)
(/Users/ralphtrane/Library/TinyTeX/texmf-dist/tex/generic/pgf/basiclayer/pgfcor
eobjects.code.tex
File: pgfcoreobjects.code.tex 2020/12/01 v3.1.7a (3.1.7a)
)
(/Users/ralphtrane/Library/TinyTeX/texmf-dist/tex/generic/pgf/basiclayer/pgfcor
epathprocessing.code.tex
File: pgfcorepathprocessing.code.tex 2020/12/01 v3.1.7a (3.1.7a)
)
(/Users/ralphtrane/Library/TinyTeX/texmf-dist/tex/generic/pgf/basiclayer/pgfcor
earrows.code.tex
File: pgfcorearrows.code.tex 2020/12/01 v3.1.7a (3.1.7a)
\pgfarrowsep=\dimen271
)
(/Users/ralphtrane/Library/TinyTeX/texmf-dist/tex/generic/pgf/basiclayer/pgfcor
eshade.code.tex
File: pgfcoreshade.code.tex 2020/12/01 v3.1.7a (3.1.7a)
\pgf@max=\dimen272
\pgf@sys@shading@range@num=\count295
\pgf@shadingcount=\count296
)
(/Users/ralphtrane/Library/TinyTeX/texmf-dist/tex/generic/pgf/basiclayer/pgfcor
eimage.code.tex
File: pgfcoreimage.code.tex 2020/12/01 v3.1.7a (3.1.7a)

(/Users/ralphtrane/Library/TinyTeX/texmf-dist/tex/generic/pgf/basiclayer/pgfcor
eexternal.code.tex
File: pgfcoreexternal.code.tex 2020/12/01 v3.1.7a (3.1.7a)
\pgfexternal@startupbox=\box62
))
(/Users/ralphtrane/Library/TinyTeX/texmf-dist/tex/generic/pgf/basiclayer/pgfcor
elayers.code.tex
File: pgfcorelayers.code.tex 2020/12/01 v3.1.7a (3.1.7a)
)
(/Users/ralphtrane/Library/TinyTeX/texmf-dist/tex/generic/pgf/basiclayer/pgfcor
etransparency.code.tex
File: pgfcoretransparency.code.tex 2020/12/01 v3.1.7a (3.1.7a)
)
(/Users/ralphtrane/Library/TinyTeX/texmf-dist/tex/generic/pgf/basiclayer/pgfcor
epatterns.code.tex
File: pgfcorepatterns.code.tex 2020/12/01 v3.1.7a (3.1.7a)
)
(/Users/ralphtrane/Library/TinyTeX/texmf-dist/tex/generic/pgf/basiclayer/pgfcor
erdf.code.tex
File: pgfcorerdf.code.tex 2020/12/01 v3.1.7a (3.1.7a)
)))
(/Users/ralphtrane/Library/TinyTeX/texmf-dist/tex/generic/pgf/modules/pgfmodule
shapes.code.tex
File: pgfmoduleshapes.code.tex 2020/12/01 v3.1.7a (3.1.7a)
\pgfnodeparttextbox=\box63
)
(/Users/ralphtrane/Library/TinyTeX/texmf-dist/tex/generic/pgf/modules/pgfmodule
plot.code.tex
File: pgfmoduleplot.code.tex 2020/12/01 v3.1.7a (3.1.7a)
)
(/Users/ralphtrane/Library/TinyTeX/texmf-dist/tex/latex/pgf/compatibility/pgfco
mp-version-0-65.sty
Package: pgfcomp-version-0-65 2020/12/01 v3.1.7a (3.1.7a)
\pgf@nodesepstart=\dimen273
\pgf@nodesepend=\dimen274
)
(/Users/ralphtrane/Library/TinyTeX/texmf-dist/tex/latex/pgf/compatibility/pgfco
mp-version-1-18.sty
Package: pgfcomp-version-1-18 2020/12/01 v3.1.7a (3.1.7a)
))
(/Users/ralphtrane/Library/TinyTeX/texmf-dist/tex/latex/pgf/utilities/pgffor.st
y
(/Users/ralphtrane/Library/TinyTeX/texmf-dist/tex/latex/pgf/utilities/pgfkeys.s
ty
(/Users/ralphtrane/Library/TinyTeX/texmf-dist/tex/generic/pgf/utilities/pgfkeys
.code.tex)) (/Users/ralphtrane/Library/TinyTeX/texmf-dist/tex/latex/pgf/math/pg
fmath.sty
(/Users/ralphtrane/Library/TinyTeX/texmf-dist/tex/generic/pgf/math/pgfmath.code
.tex))
(/Users/ralphtrane/Library/TinyTeX/texmf-dist/tex/generic/pgf/utilities/pgffor.
code.tex
Package: pgffor 2020/12/01 v3.1.7a (3.1.7a)

(/Users/ralphtrane/Library/TinyTeX/texmf-dist/tex/generic/pgf/math/pgfmath.code
.tex)
\pgffor@iter=\dimen275
\pgffor@skip=\dimen276
\pgffor@stack=\toks43
\pgffor@toks=\toks44
))
(/Users/ralphtrane/Library/TinyTeX/texmf-dist/tex/generic/pgf/frontendlayer/tik
z/tikz.code.tex
Package: tikz 2020/12/01 v3.1.7a (3.1.7a)

(/Users/ralphtrane/Library/TinyTeX/texmf-dist/tex/generic/pgf/libraries/pgflibr
aryplothandlers.code.tex
File: pgflibraryplothandlers.code.tex 2020/12/01 v3.1.7a (3.1.7a)
\pgf@plot@mark@count=\count297
\pgfplotmarksize=\dimen277
)
\tikz@lastx=\dimen278
\tikz@lasty=\dimen279
\tikz@lastxsaved=\dimen280
\tikz@lastysaved=\dimen281
\tikz@lastmovetox=\dimen282
\tikz@lastmovetoy=\dimen283
\tikzleveldistance=\dimen284
\tikzsiblingdistance=\dimen285
\tikz@figbox=\box64
\tikz@figbox@bg=\box65
\tikz@tempbox=\box66
\tikz@tempbox@bg=\box67
\tikztreelevel=\count298
\tikznumberofchildren=\count299
\tikznumberofcurrentchild=\count300
\tikz@fig@count=\count301

(/Users/ralphtrane/Library/TinyTeX/texmf-dist/tex/generic/pgf/modules/pgfmodule
matrix.code.tex
File: pgfmodulematrix.code.tex 2020/12/01 v3.1.7a (3.1.7a)
\pgfmatrixcurrentrow=\count302
\pgfmatrixcurrentcolumn=\count303
\pgf@matrix@numberofcolumns=\count304
)
\tikz@expandcount=\count305

(/Users/ralphtrane/Library/TinyTeX/texmf-dist/tex/generic/pgf/frontendlayer/tik
z/libraries/tikzlibrarytopaths.code.tex
File: tikzlibrarytopaths.code.tex 2020/12/01 v3.1.7a (3.1.7a)
)))
(/Users/ralphtrane/Library/TinyTeX/texmf-dist/tex/generic/pgf/frontendlayer/tik
z/libraries/tikzlibrarypositioning.code.tex
File: tikzlibrarypositioning.code.tex 2020/12/01 v3.1.7a (3.1.7a)
) (/Users/ralphtrane/Library/TinyTeX/texmf-dist/tex/latex/caption/caption.sty
Package: caption 2020/10/26 v3.5g Customizing captions (AR)
(/Users/ralphtrane/Library/TinyTeX/texmf-dist/tex/latex/caption/caption3.sty
Package: caption3 2020/10/21 v2.2e caption3 kernel (AR)
\captionmargin=\dimen286
\captionmargin@=\dimen287
\captionwidth=\dimen288
\caption@tempdima=\dimen289
\caption@indent=\dimen290
\caption@parindent=\dimen291
\caption@hangindent=\dimen292
Package caption Info: Standard document class detected.
)
\c@caption@flags=\count306
\c@continuedfloat=\count307
Package caption Info: hyperref package is loaded.
Package caption Info: longtable package is loaded.
(/Users/ralphtrane/Library/TinyTeX/texmf-dist/tex/latex/caption/ltcaption.sty
Package: ltcaption 2020/05/30 v1.4b longtable captions (AR)
)) (/Users/ralphtrane/Library/TinyTeX/texmf-dist/tex/latex/caption/subcaption.s
ty
Package: subcaption 2020/10/07 v1.3j Sub-captions (AR)
\c@subfigure=\count308
\c@subtable=\count309
) (/Users/ralphtrane/Library/TinyTeX/texmf-dist/tex/latex/graphics/rotating.sty
Package: rotating 2016/08/11 v2.16d rotated objects in LaTeX
(/Users/ralphtrane/Library/TinyTeX/texmf-dist/tex/latex/base/ifthen.sty
Package: ifthen 2014/09/29 v1.1c Standard LaTeX ifthen package (DPC)
)
\c@r@tfl@t=\count310
\rotFPtop=\skip61
\rotFPbot=\skip62
\rot@float@box=\box68
\rot@mess@toks=\toks45
) (/Users/ralphtrane/Library/TinyTeX/texmf-dist/tex/latex/float/float.sty
Package: float 2001/11/08 v1.3d Float enhancements (AL)
\c@float@type=\count311
\float@exts=\toks46
\float@box=\box69
\@float@everytoks=\toks47
\@floatcapt=\box70
)
\c@theorem=\count312
(/Users/ralphtrane/Library/TinyTeX/texmf-dist/tex/latex/tools/array.sty
Package: array 2020/10/01 v2.5c Tabular extension package (FMi)
\col@sep=\dimen293
\ar@mcellbox=\box71
\extrarowheight=\dimen294
\NC@list=\toks48
\extratabsurround=\skip63
\backup@length=\skip64
\ar@cellbox=\box72
) (/Users/ralphtrane/Library/TinyTeX/texmf-dist/tex/latex/multirow/multirow.sty
Package: multirow 2019/05/31 v2.5 Span multiple rows of a table
\multirow@colwidth=\skip65
\multirow@cntb=\count313
\multirow@dima=\skip66
\bigstrutjot=\dimen295
) (/Users/ralphtrane/Library/TinyTeX/texmf-dist/tex/latex/wrapfig/wrapfig.sty
\wrapoverhang=\dimen296
\WF@size=\dimen297
\c@WF@wrappedlines=\count314
\WF@box=\box73
\WF@everypar=\toks49
Package: wrapfig 2003/01/31  v 3.6
) (/Users/ralphtrane/Library/TinyTeX/texmf-dist/tex/latex/colortbl/colortbl.sty
Package: colortbl 2020/01/04 v1.0e Color table columns (DPC)
\everycr=\toks50
\minrowclearance=\skip67
)
(/Users/ralphtrane/Library/TinyTeX/texmf-dist/tex/latex/pdflscape/pdflscape.sty
Package: pdflscape 2019/12/05 v0.12 Display of landscape pages in PDF (HO)
(/Users/ralphtrane/Library/TinyTeX/texmf-dist/tex/latex/graphics/lscape.sty
Package: lscape 2020/05/28 v3.02 Landscape Pages (DPC)
)
Package pdflscape Info: Auto-detected driver: pdftex on input line 81.
) (/Users/ralphtrane/Library/TinyTeX/texmf-dist/tex/latex/tabu/tabu.sty
Package: tabu 2019/01/11 v2.9 - flexible LaTeX tabulars (FC+tabu-fixed)
(/Users/ralphtrane/Library/TinyTeX/texmf-dist/tex/latex/varwidth/varwidth.sty
Package: varwidth 2009/03/30 ver 0.92;  Variable-width minipages
\@vwid@box=\box74
\sift@deathcycles=\count315
\@vwid@loff=\dimen298
\@vwid@roff=\dimen299
)
\c@taburow=\count316
\tabu@nbcols=\count317
\tabu@cnt=\count318
\tabu@Xcol=\count319
\tabu@alloc=\count320
\tabu@nested=\count321
\tabu@target=\dimen300
\tabu@spreadtarget=\dimen301
\tabu@naturalX=\dimen302
\tabucolX=\dimen303
\tabu@Xsum=\dimen304
\extrarowdepth=\dimen305
\abovetabulinesep=\dimen306
\belowtabulinesep=\dimen307
\tabustrutrule=\dimen308
\tabu@thebody=\toks51
\tabu@footnotes=\toks52
\tabu@box=\box75
\tabu@arstrutbox=\box76
\tabu@hleads=\box77
\tabu@vleads=\box78
\tabu@cellskip=\skip68
)
(/Users/ralphtrane/Library/TinyTeX/texmf-dist/tex/latex/threeparttable/threepar
ttable.sty
Package: threeparttable 2003/06/13  v 3.0
\@tempboxb=\box79
)
(/Users/ralphtrane/Library/TinyTeX/texmf-dist/tex/latex/threeparttablex/threepa
rttablex.sty
Package: threeparttablex 2013/07/23 v0.3 by daleif
(/Users/ralphtrane/Library/TinyTeX/texmf-dist/tex/latex/environ/environ.sty
Package: environ 2014/05/04 v0.3 A new way to define environments

(/Users/ralphtrane/Library/TinyTeX/texmf-dist/tex/latex/trimspaces/trimspaces.s
ty
Package: trimspaces 2009/09/17 v1.1 Trim spaces around a token list
))
\TPTL@width=\skip69
) (/Users/ralphtrane/Library/TinyTeX/texmf-dist/tex/latex/makecell/makecell.sty
Package: makecell 2009/08/03 V0.1e Managing of Tab Column Heads and Cells
\rotheadsize=\dimen309
\c@nlinenum=\count322
\TeXr@lab=\toks53
)
(/Users/ralphtrane/Library/TinyTeX/texmf-dist/tex/latex/l3backend/l3backend-pdf
tex.def
File: l3backend-pdftex.def 2020-09-24 L3 backend support: PDF output (pdfTeX)
\l__kernel_color_stack_int=\count323
\l__pdf_internal_box=\box80
) (./long_description.aux

LaTeX Warning: Label `eq:constraints' multiply defined.


LaTeX Warning: Label `tab:upper-less-than-lower' multiply defined.


LaTeX Warning: Label `tab:upper-less-than-lower' multiply defined.


LaTeX Warning: Label `tab:upper-less-than-lower' multiply defined.


LaTeX Warning: Label `tab:coefficients-lung-cancer' multiply defined.


LaTeX Warning: Label `tab:coefficients-lung-cancer' multiply defined.


LaTeX Warning: Label `tab:marginal-distribution-of-instruments-lung-cancer' mul
tiply defined.


LaTeX Warning: Label `tab:coefficients-cholesterol' multiply defined.

)
\openout1 = `long_description.aux'.

LaTeX Font Info:    Checking defaults for OML/cmm/m/it on input line 105.
LaTeX Font Info:    ... okay on input line 105.
LaTeX Font Info:    Checking defaults for OMS/cmsy/m/n on input line 105.
LaTeX Font Info:    ... okay on input line 105.
LaTeX Font Info:    Checking defaults for OT1/cmr/m/n on input line 105.
LaTeX Font Info:    ... okay on input line 105.
LaTeX Font Info:    Checking defaults for T1/cmr/m/n on input line 105.
LaTeX Font Info:    ... okay on input line 105.
LaTeX Font Info:    Checking defaults for TS1/cmr/m/n on input line 105.
LaTeX Font Info:    ... okay on input line 105.
LaTeX Font Info:    Checking defaults for OMX/cmex/m/n on input line 105.
LaTeX Font Info:    ... okay on input line 105.
LaTeX Font Info:    Checking defaults for U/cmr/m/n on input line 105.
LaTeX Font Info:    ... okay on input line 105.
LaTeX Font Info:    Checking defaults for PD1/pdf/m/n on input line 105.
LaTeX Font Info:    ... okay on input line 105.
LaTeX Font Info:    Checking defaults for PU/pdf/m/n on input line 105.
LaTeX Font Info:    ... okay on input line 105.

(/Users/ralphtrane/Library/TinyTeX/texmf-dist/tex/latex/epstopdf-pkg/epstopdf-b
ase.sty
Package: epstopdf-base 2020-01-24 v2.11 Base part for package epstopdf
Package epstopdf-base Info: Redefining graphics rule for `.eps' on input line 4
85.

(/Users/ralphtrane/Library/TinyTeX/texmf-dist/tex/latex/latexconfig/epstopdf-sy
s.cfg
File: epstopdf-sys.cfg 2010/07/13 v1.3 Configuration of (r)epstopdf for TeX Liv
e
))
Package hyperref Info: Link coloring OFF on input line 105.
(/Users/ralphtrane/Library/TinyTeX/texmf-dist/tex/latex/hyperref/nameref.sty
Package: nameref 2019/09/16 v2.46 Cross-referencing by name of section
(/Users/ralphtrane/Library/TinyTeX/texmf-dist/tex/latex/refcount/refcount.sty
Package: refcount 2019/12/15 v3.6 Data extraction from label references (HO)
)
(/Users/ralphtrane/Library/TinyTeX/texmf-dist/tex/generic/gettitlestring/gettit
lestring.sty
Package: gettitlestring 2019/12/15 v1.6 Cleanup title references (HO)
)
\c@section@level=\count324
)
LaTeX Info: Redefining \ref on input line 105.
LaTeX Info: Redefining \pageref on input line 105.
LaTeX Info: Redefining \nameref on input line 105.
(./long_description.out) (./long_description.out)
\@outlinefile=\write4
\openout4 = `long_description.out'.

*geometry* driver: auto-detecting
*geometry* detected driver: pdftex
*geometry* verbose mode - [ preamble ] result:
* driver: pdftex
* paper: <default>
* layout: <same size as paper>
* layoutoffset:(h,v)=(0.0pt,0.0pt)
* modes: 
* h-part:(L,W,R)=(72.26999pt, 469.75502pt, 72.26999pt)
* v-part:(T,H,B)=(72.26999pt, 650.43001pt, 72.26999pt)
* \paperwidth=614.295pt
* \paperheight=794.96999pt
* \textwidth=469.75502pt
* \textheight=650.43001pt
* \oddsidemargin=0.0pt
* \evensidemargin=0.0pt
* \topmargin=-37.0pt
* \headheight=12.0pt
* \headsep=25.0pt
* \topskip=10.0pt
* \footskip=30.0pt
* \marginparwidth=65.0pt
* \marginparsep=11.0pt
* \columnsep=10.0pt
* \skip\footins=9.0pt plus 4.0pt minus 2.0pt
* \hoffset=0.0pt
* \voffset=0.0pt
* \mag=1000
* \@twocolumnfalse
* \@twosidefalse
* \@mparswitchfalse
* \@reversemarginfalse
* (1in=72.27pt=25.4mm, 1cm=28.453pt)

Package caption Info: Begin \AtBeginDocument code.
Package caption Info: float package is loaded.
Package caption Info: rotating package is loaded.
Package caption Info: threeparttable package is loaded.
Package caption Info: wrapfig package is loaded.
Package caption Info: End \AtBeginDocument code.
LaTeX Font Info:    Trying to load font information for OT1+lmr on input line 1
07.
(/Users/ralphtrane/Library/TinyTeX/texmf-dist/tex/latex/lm/ot1lmr.fd
File: ot1lmr.fd 2009/10/30 v1.6 Font defs for Latin Modern
)
LaTeX Font Info:    Trying to load font information for OML+lmm on input line 1
07.
(/Users/ralphtrane/Library/TinyTeX/texmf-dist/tex/latex/lm/omllmm.fd
File: omllmm.fd 2009/10/30 v1.6 Font defs for Latin Modern
)
LaTeX Font Info:    Trying to load font information for OMS+lmsy on input line 
107.
(/Users/ralphtrane/Library/TinyTeX/texmf-dist/tex/latex/lm/omslmsy.fd
File: omslmsy.fd 2009/10/30 v1.6 Font defs for Latin Modern
)
LaTeX Font Info:    Trying to load font information for OMX+lmex on input line 
107.
(/Users/ralphtrane/Library/TinyTeX/texmf-dist/tex/latex/lm/omxlmex.fd
File: omxlmex.fd 2009/10/30 v1.6 Font defs for Latin Modern
)
LaTeX Font Info:    External font `lmex10' loaded for size
(Font)              <12> on input line 107.
LaTeX Font Info:    External font `lmex10' loaded for size
(Font)              <8> on input line 107.
LaTeX Font Info:    External font `lmex10' loaded for size
(Font)              <6> on input line 107.
LaTeX Font Info:    Trying to load font information for U+msa on input line 107
.
(/Users/ralphtrane/Library/TinyTeX/texmf-dist/tex/latex/amsfonts/umsa.fd
File: umsa.fd 2013/01/14 v3.01 AMS symbols A
)
LaTeX Font Info:    Trying to load font information for U+msb on input line 107
.
(/Users/ralphtrane/Library/TinyTeX/texmf-dist/tex/latex/amsfonts/umsb.fd
File: umsb.fd 2013/01/14 v3.01 AMS symbols B
) (./long_description.toc
LaTeX Font Info:    External font `lmex10' loaded for size
(Font)              <10> on input line 3.
LaTeX Font Info:    External font `lmex10' loaded for size
(Font)              <7> on input line 3.
LaTeX Font Info:    External font `lmex10' loaded for size
(Font)              <5> on input line 3.
)
\tf@toc=\write5
\openout5 = `long_description.toc'.

[1

{/Users/ralphtrane/Library/TinyTeX/texmf-var/fonts/map/pdftex/updmap/pdftex.map
}] [2]

LaTeX Warning: Reference `' on page 3 undefined on input line 133.

[3]
Overfull \hbox (30.61281pt too wide) detected at line 213
[][][]
 []

[4]
Overfull \hbox (0.17487pt too wide) detected at line 228
[] [] [] \OMS/lmsy/m/n/10 ^^U \OT1/lmr/m/n/10 0
 []

[5]
</Users/ralphtrane/Documents/RPackages_dev/ACEBounds/figures/bivariate_width_vs
_strength_pip.png, id=190, 1204.5pt x 1204.5pt>
File: /Users/ralphtrane/Documents/RPackages_dev/ACEBounds/figures/bivariate_wid
th_vs_strength_pip.png Graphic file (type png)
<use /Users/ralphtrane/Documents/RPackages_dev/ACEBounds/figures/bivariate_widt
h_vs_strength_pip.png>
Package pdftex.def Info: /Users/ralphtrane/Documents/RPackages_dev/ACEBounds/fi
gures/bivariate_width_vs_strength_pip.png  used on input line 278.
(pdftex.def)             Requested size: 225.47562pt x 225.47562pt.
</Users/ralphtrane/Documents/RPackages_dev/ACEBounds/figures/MR_coefs_vs_streng
th.png, id=194, 1204.5pt x 1204.5pt>
File: /Users/ralphtrane/Documents/RPackages_dev/ACEBounds/figures/MR_coefs_vs_s
trength.png Graphic file (type png)
<use /Users/ralphtrane/Documents/RPackages_dev/ACEBounds/figures/MR_coefs_vs_st
rength.png>
Package pdftex.def Info: /Users/ralphtrane/Documents/RPackages_dev/ACEBounds/fi
gures/MR_coefs_vs_strength.png  used on input line 285.
(pdftex.def)             Requested size: 225.47562pt x 225.47562pt.
[6] [7 </Users/ralphtrane/Documents/RPackages_dev/ACEBounds/figures/bivariate_w
idth_vs_strength_pip.png> </Users/ralphtrane/Documents/RPackages_dev/ACEBounds/
figures/MR_coefs_vs_strength.png>]
</Users/ralphtrane/Documents/RPackages_dev/ACEBounds/figures/power_curves.png, 
id=216, 1204.5pt x 1204.5pt>
File: /Users/ralphtrane/Documents/RPackages_dev/ACEBounds/figures/power_curves.
png Graphic file (type png)
<use /Users/ralphtrane/Documents/RPackages_dev/ACEBounds/figures/power_curves.p
ng>
Package pdftex.def Info: /Users/ralphtrane/Documents/RPackages_dev/ACEBounds/fi
gures/power_curves.png  used on input line 332.
(pdftex.def)             Requested size: 234.86737pt x 234.86737pt.
[8 </Users/ralphtrane/Documents/RPackages_dev/ACEBounds/figures/power_curves.pn
g>]
</Users/ralphtrane/Documents/RPackages_dev/ACEBounds/figures/bounds_from_multip
le_IV_sims_MR_subset.png, id=233, 1204.5pt x 1505.625pt>
File: /Users/ralphtrane/Documents/RPackages_dev/ACEBounds/figures/bounds_from_m
ultiple_IV_sims_MR_subset.png Graphic file (type png)
<use /Users/ralphtrane/Documents/RPackages_dev/ACEBounds/figures/bounds_from_mu
ltiple_IV_sims_MR_subset.png>
Package pdftex.def Info: /Users/ralphtrane/Documents/RPackages_dev/ACEBounds/fi
gures/bounds_from_multiple_IV_sims_MR_subset.png  used on input line 371.
(pdftex.def)             Requested size: 234.86737pt x 293.58421pt.
</Users/ralphtrane/Documents/RPackages_dev/ACEBounds/figures/bounds_from_multip
le_IV_sims_power_subset.png, id=234, 1204.5pt x 1505.625pt>
File: /Users/ralphtrane/Documents/RPackages_dev/ACEBounds/figures/bounds_from_m
ultiple_IV_sims_power_subset.png Graphic file (type png)
<use /Users/ralphtrane/Documents/RPackages_dev/ACEBounds/figures/bounds_from_mu
ltiple_IV_sims_power_subset.png>
Package pdftex.def Info: /Users/ralphtrane/Documents/RPackages_dev/ACEBounds/fi
gures/bounds_from_multiple_IV_sims_power_subset.png  used on input line 377.
(pdftex.def)             Requested size: 234.86737pt x 293.58421pt.
</Users/ralphtrane/Documents/RPackages_dev/ACEBounds/figures/bounds_from_multip
le_IV_sims_MR_many_weak_subset.png, id=235, 1204.5pt x 1505.625pt>
File: /Users/ralphtrane/Documents/RPackages_dev/ACEBounds/figures/bounds_from_m
ultiple_IV_sims_MR_many_weak_subset.png Graphic file (type png)
<use /Users/ralphtrane/Documents/RPackages_dev/ACEBounds/figures/bounds_from_mu
ltiple_IV_sims_MR_many_weak_subset.png>
Package pdftex.def Info: /Users/ralphtrane/Documents/RPackages_dev/ACEBounds/fi
gures/bounds_from_multiple_IV_sims_MR_many_weak_subset.png  used on input line 
382.
(pdftex.def)             Requested size: 234.86737pt x 293.58421pt.
</Users/ralphtrane/Documents/RPackages_dev/ACEBounds/figures/bounds_from_multip
le_IV_sims_power_many_weak_subset.png, id=236, 1204.5pt x 1505.625pt>
File: /Users/ralphtrane/Documents/RPackages_dev/ACEBounds/figures/bounds_from_m
ultiple_IV_sims_power_many_weak_subset.png Graphic file (type png)
<use /Users/ralphtrane/Documents/RPackages_dev/ACEBounds/figures/bounds_from_mu
ltiple_IV_sims_power_many_weak_subset.png>
Package pdftex.def Info: /Users/ralphtrane/Documents/RPackages_dev/ACEBounds/fi
gures/bounds_from_multiple_IV_sims_power_many_weak_subset.png  used on input li
ne 388.
(pdftex.def)             Requested size: 234.86737pt x 293.58421pt.

Overfull \hbox (4.44441pt too wide) in paragraph at lines 370--392
 [][]  [] 
 []


Overfull \hbox (4.44441pt too wide) in paragraph at lines 370--392
 []  [] 
 []


LaTeX Warning: Float too large for page by 16.73842pt on input line 394.

[9] [10 </Users/ralphtrane/Documents/RPackages_dev/ACEBounds/figures/bounds_fro
m_multiple_IV_sims_MR_subset.png> </Users/ralphtrane/Documents/RPackages_dev/AC
EBounds/figures/bounds_from_multiple_IV_sims_power_subset.png> </Users/ralphtra
ne/Documents/RPackages_dev/ACEBounds/figures/bounds_from_multiple_IV_sims_MR_ma
ny_weak_subset.png> </Users/ralphtrane/Documents/RPackages_dev/ACEBounds/figure
s/bounds_from_multiple_IV_sims_power_many_weak_subset.png>] [11] [12]

LaTeX Warning: Reference `multiple-iv-case' on page 13 undefined on input line 
498.

</Users/ralphtrane/Documents/RPackages_dev/ACEBounds/figures/trivariate_bounds_
subset_plot.png, id=275, 2409.0pt x 2409.0pt>
File: /Users/ralphtrane/Documents/RPackages_dev/ACEBounds/figures/trivariate_bo
unds_subset_plot.png Graphic file (type png)
<use /Users/ralphtrane/Documents/RPackages_dev/ACEBounds/figures/trivariate_bou
nds_subset_plot.png>
Package pdftex.def Info: /Users/ralphtrane/Documents/RPackages_dev/ACEBounds/fi
gures/trivariate_bounds_subset_plot.png  used on input line 520.
(pdftex.def)             Requested size: 469.73474pt x 469.73474pt.
[13] [14 </Users/ralphtrane/Documents/RPackages_dev/ACEBounds/figures/trivariat
e_bounds_subset_plot.png>]
LaTeX Font Info:    Trying to load font information for T1+lmtt on input line 5
38.
(/Users/ralphtrane/Library/TinyTeX/texmf-dist/tex/latex/lm/t1lmtt.fd
File: t1lmtt.fd 2009/10/30 v1.6 Font defs for Latin Modern
) [15]
</Users/ralphtrane/Documents/RPackages_dev/ACEBounds/figures/example_analyses/s
moking_lung_cancer_3_bivaraite_bounds_ukb-d-20116_0_ukb-d-40001_C349.png, id=30
3, 2409.0pt x 3011.25pt>
File: /Users/ralphtrane/Documents/RPackages_dev/ACEBounds/figures/example_analy
ses/smoking_lung_cancer_3_bivaraite_bounds_ukb-d-20116_0_ukb-d-40001_C349.png G
raphic file (type png)
<use /Users/ralphtrane/Documents/RPackages_dev/ACEBounds/figures/example_analys
es/smoking_lung_cancer_3_bivaraite_bounds_ukb-d-20116_0_ukb-d-40001_C349.png>
Package pdftex.def Info: /Users/ralphtrane/Documents/RPackages_dev/ACEBounds/fi
gures/example_analyses/smoking_lung_cancer_3_bivaraite_bounds_ukb-d-20116_0_ukb
-d-40001_C349.png  used on input line 548.
(pdftex.def)             Requested size: 465.02968pt x 581.2871pt.
[16]
</Users/ralphtrane/Documents/RPackages_dev/ACEBounds/figures/example_analyses/s
moking_lung_cancer_3_individual_SNPs_plot_subset_ukb-d-20116_0_ukb-d-40001_C349
.png, id=310, 2409.0pt x 2032.59375pt>
File: /Users/ralphtrane/Documents/RPackages_dev/ACEBounds/figures/example_analy
ses/smoking_lung_cancer_3_individual_SNPs_plot_subset_ukb-d-20116_0_ukb-d-40001
_C349.png Graphic file (type png)
<use /Users/ralphtrane/Documents/RPackages_dev/ACEBounds/figures/example_analys
es/smoking_lung_cancer_3_individual_SNPs_plot_subset_ukb-d-20116_0_ukb-d-40001_
C349.png>
Package pdftex.def Info: /Users/ralphtrane/Documents/RPackages_dev/ACEBounds/fi
gures/example_analyses/smoking_lung_cancer_3_individual_SNPs_plot_subset_ukb-d-
20116_0_ukb-d-40001_C349.png  used on input line 554.
(pdftex.def)             Requested size: 465.02968pt x 392.36877pt.
[17 </Users/ralphtrane/Documents/RPackages_dev/ACEBounds/figures/example_analys
es/smoking_lung_cancer_3_bivaraite_bounds_ukb-d-20116_0_ukb-d-40001_C349.png>] 
[18 </Users/ralphtrane/Documents/RPackages_dev/ACEBounds/figures/example_analys
es/smoking_lung_cancer_3_individual_SNPs_plot_subset_ukb-d-20116_0_ukb-d-40001_
C349.png>]
</Users/ralphtrane/Documents/RPackages_dev/ACEBounds/figures/example_analyses/c
holesterol_heart_attack_bivaraite_bounds_ukb-a-108_ukb-a-434.png, id=326, 2409.
0pt x 3011.25pt>
File: /Users/ralphtrane/Documents/RPackages_dev/ACEBounds/figures/example_analy
ses/cholesterol_heart_attack_bivaraite_bounds_ukb-a-108_ukb-a-434.png Graphic f
ile (type png)
<use /Users/ralphtrane/Documents/RPackages_dev/ACEBounds/figures/example_analys
es/cholesterol_heart_attack_bivaraite_bounds_ukb-a-108_ukb-a-434.png>
Package pdftex.def Info: /Users/ralphtrane/Documents/RPackages_dev/ACEBounds/fi
gures/example_analyses/cholesterol_heart_attack_bivaraite_bounds_ukb-a-108_ukb-
a-434.png  used on input line 569.
(pdftex.def)             Requested size: 465.02968pt x 581.2871pt.
[19]
</Users/ralphtrane/Documents/RPackages_dev/ACEBounds/figures/example_analyses/c
holesterol_heart_attack_individual_SNPs_plot_subset_ukb-a-108_ukb-a-434.png, id
=335, 2409.0pt x 2032.59375pt>
File: /Users/ralphtrane/Documents/RPackages_dev/ACEBounds/figures/example_analy
ses/cholesterol_heart_attack_individual_SNPs_plot_subset_ukb-a-108_ukb-a-434.pn
g Graphic file (type png)
<use /Users/ralphtrane/Documents/RPackages_dev/ACEBounds/figures/example_analys
es/cholesterol_heart_attack_individual_SNPs_plot_subset_ukb-a-108_ukb-a-434.png
>
Package pdftex.def Info: /Users/ralphtrane/Documents/RPackages_dev/ACEBounds/fi
gures/example_analyses/cholesterol_heart_attack_individual_SNPs_plot_subset_ukb
-a-108_ukb-a-434.png  used on input line 575.
(pdftex.def)             Requested size: 465.02968pt x 392.36877pt.
[20 </Users/ralphtrane/Documents/RPackages_dev/ACEBounds/figures/example_analys
es/cholesterol_heart_attack_bivaraite_bounds_ukb-a-108_ukb-a-434.png>] [21 </Us
ers/ralphtrane/Documents/RPackages_dev/ACEBounds/figures/example_analyses/chole
sterol_heart_attack_individual_SNPs_plot_subset_ukb-a-108_ukb-a-434.png>] [22]
Overfull \hbox (13.94629pt too wide) detected at line 665
[][]
 []

[23]
Overfull \hbox (13.94629pt too wide) detected at line 686
[][]
 []

[24] [25]
Overfull \hbox (6.9273pt too wide) in paragraph at lines 1162--1163
 []\T1/lmr/m/n/10 PY0Z0| 
 []


Overfull \hbox (6.9273pt too wide) in paragraph at lines 1164--1165
 []\T1/lmr/m/n/10 PY0Z1| 
 []


Overfull \hbox (6.9273pt too wide) in paragraph at lines 1166--1167
 []\T1/lmr/m/n/10 PY0Z2| 
 []


Overfull \hbox (6.9273pt too wide) in paragraph at lines 1168--1169
 []\T1/lmr/m/n/10 PY1Z0| 
 []


Overfull \hbox (6.9273pt too wide) in paragraph at lines 1170--1171
 []\T1/lmr/m/n/10 PY1Z1| 
 []


Overfull \hbox (6.9273pt too wide) in paragraph at lines 1172--1173
 []\T1/lmr/m/n/10 PY1Z2| 
 []


Overfull \hbox (6.9273pt too wide) in paragraph at lines 1174--1175
 []\T1/lmr/m/n/10 PX0Z0| 
 []


Overfull \hbox (6.9273pt too wide) in paragraph at lines 1176--1177
 []\T1/lmr/m/n/10 PX0Z1| 
 []


Overfull \hbox (6.9273pt too wide) in paragraph at lines 1178--1179
 []\T1/lmr/m/n/10 PX0Z2| 
 []


Overfull \hbox (6.9273pt too wide) in paragraph at lines 1180--1181
 []\T1/lmr/m/n/10 PX1Z0| 
 []


Overfull \hbox (6.9273pt too wide) in paragraph at lines 1182--1183
 []\T1/lmr/m/n/10 PX1Z1| 
 []


Overfull \hbox (6.9273pt too wide) in paragraph at lines 1184--1185
 []\T1/lmr/m/n/10 PX1Z2| 
 []


Overfull \hbox (6.9273pt too wide) in paragraph at lines 1192--1193
 []\T1/lmr/m/n/10 PY0Z0| 
 []


Overfull \hbox (6.9273pt too wide) in paragraph at lines 1194--1195
 []\T1/lmr/m/n/10 PY0Z1| 
 []


Overfull \hbox (6.9273pt too wide) in paragraph at lines 1196--1197
 []\T1/lmr/m/n/10 PY0Z2| 
 []


Overfull \hbox (6.9273pt too wide) in paragraph at lines 1198--1199
 []\T1/lmr/m/n/10 PY1Z0| 
 []


Overfull \hbox (6.9273pt too wide) in paragraph at lines 1200--1201
 []\T1/lmr/m/n/10 PY1Z1| 
 []


Overfull \hbox (6.9273pt too wide) in paragraph at lines 1202--1203
 []\T1/lmr/m/n/10 PY1Z2| 
 []


Overfull \hbox (6.9273pt too wide) in paragraph at lines 1204--1205
 []\T1/lmr/m/n/10 PX0Z0| 
 []


Overfull \hbox (6.9273pt too wide) in paragraph at lines 1206--1207
 []\T1/lmr/m/n/10 PX0Z1| 
 []


Overfull \hbox (6.9273pt too wide) in paragraph at lines 1208--1209
 []\T1/lmr/m/n/10 PX0Z2| 
 []


Overfull \hbox (6.9273pt too wide) in paragraph at lines 1210--1211
 []\T1/lmr/m/n/10 PX1Z0| 
 []


Overfull \hbox (6.9273pt too wide) in paragraph at lines 1212--1213
 []\T1/lmr/m/n/10 PX1Z1| 
 []


Overfull \hbox (6.9273pt too wide) in paragraph at lines 1214--1215
 []\T1/lmr/m/n/10 PX1Z2| 
 []

[26] [27] [28]
Overfull \hbox (1.43364pt too wide) detected at line 3382
[][]
 []


LaTeX Warning: Reference `eq:x_monotone' on page 29 undefined on input line 340
1.


LaTeX Warning: Reference `eq:y_monotone' on page 29 undefined on input line 340
1.

[29] [30] [31

] [32] [33] [34]
</Users/ralphtrane/Documents/RPackages_dev/ACEBounds/figures/power.png, id=418,
 2409.0pt x 1204.5pt>
File: /Users/ralphtrane/Documents/RPackages_dev/ACEBounds/figures/power.png Gra
phic file (type png)
<use /Users/ralphtrane/Documents/RPackages_dev/ACEBounds/figures/power.png>
Package pdftex.def Info: /Users/ralphtrane/Documents/RPackages_dev/ACEBounds/fi
gures/power.png  used on input line 3665.
(pdftex.def)             Requested size: 465.02968pt x 232.51483pt.
[35

]
</Users/ralphtrane/Documents/RPackages_dev/ACEBounds/figures/strength_vs_coef_m
ultiple_IVs_MR.png, id=426, 1204.5pt x 1204.5pt>
File: /Users/ralphtrane/Documents/RPackages_dev/ACEBounds/figures/strength_vs_c
oef_multiple_IVs_MR.png Graphic file (type png)
<use /Users/ralphtrane/Documents/RPackages_dev/ACEBounds/figures/strength_vs_co
ef_multiple_IVs_MR.png>
Package pdftex.def Info: /Users/ralphtrane/Documents/RPackages_dev/ACEBounds/fi
gures/strength_vs_coef_multiple_IVs_MR.png  used on input line 3673.
(pdftex.def)             Requested size: 234.86737pt x 234.86737pt.
</Users/ralphtrane/Documents/RPackages_dev/ACEBounds/figures/strength_vs_coef_m
ultiple_IVs_power.png, id=427, 1204.5pt x 1204.5pt>
File: /Users/ralphtrane/Documents/RPackages_dev/ACEBounds/figures/strength_vs_c
oef_multiple_IVs_power.png Graphic file (type png)
<use /Users/ralphtrane/Documents/RPackages_dev/ACEBounds/figures/strength_vs_co
ef_multiple_IVs_power.png>
Package pdftex.def Info: /Users/ralphtrane/Documents/RPackages_dev/ACEBounds/fi
gures/strength_vs_coef_multiple_IVs_power.png  used on input line 3679.
(pdftex.def)             Requested size: 234.86737pt x 234.86737pt.

Overfull \hbox (4.44441pt too wide) in paragraph at lines 3672--3683
 []$[]$  $[]$ 
 []

[36 </Users/ralphtrane/Documents/RPackages_dev/ACEBounds/figures/power.png> </U
sers/ralphtrane/Documents/RPackages_dev/ACEBounds/figures/strength_vs_coef_mult
iple_IVs_MR.png> </Users/ralphtrane/Documents/RPackages_dev/ACEBounds/figures/s
trength_vs_coef_multiple_IVs_power.png>]
</Users/ralphtrane/Documents/RPackages_dev/ACEBounds/figures/example_analyses/s
moking_lung_cancer_3_marginal_Z.png, id=440, 1505.625pt x 602.25pt>
File: /Users/ralphtrane/Documents/RPackages_dev/ACEBounds/figures/example_analy
ses/smoking_lung_cancer_3_marginal_Z.png Graphic file (type png)
<use /Users/ralphtrane/Documents/RPackages_dev/ACEBounds/figures/example_analys
es/smoking_lung_cancer_3_marginal_Z.png>
Package pdftex.def Info: /Users/ralphtrane/Documents/RPackages_dev/ACEBounds/fi
gures/example_analyses/smoking_lung_cancer_3_marginal_Z.png  used on input line
 3706.
(pdftex.def)             Requested size: 469.74852pt x 187.8994pt.

Overfull \hbox (22.2222pt too wide) in paragraph at lines 3714--3843
[]$[]$  $[]$ 
 []

[37 </Users/ralphtrane/Documents/RPackages_dev/ACEBounds/figures/example_analys
es/smoking_lung_cancer_3_marginal_Z.png>]
</Users/ralphtrane/Documents/RPackages_dev/ACEBounds/figures/example_analyses/s
moking_lung_cancer_3_coefficients.png, id=454, 1505.625pt x 903.375pt>
File: /Users/ralphtrane/Documents/RPackages_dev/ACEBounds/figures/example_analy
ses/smoking_lung_cancer_3_coefficients.png Graphic file (type png)
<use /Users/ralphtrane/Documents/RPackages_dev/ACEBounds/figures/example_analys
es/smoking_lung_cancer_3_coefficients.png>
Package pdftex.def Info: /Users/ralphtrane/Documents/RPackages_dev/ACEBounds/fi
gures/example_analyses/smoking_lung_cancer_3_coefficients.png  used on input li
ne 3847.
(pdftex.def)             Requested size: 469.74852pt x 281.8491pt.
[38] [39 </Users/ralphtrane/Documents/RPackages_dev/ACEBounds/figures/example_a
nalyses/smoking_lung_cancer_3_coefficients.png>] [40]
</Users/ralphtrane/Documents/RPackages_dev/ACEBounds/figures/example_analyses/s
trength_histogram.png, id=473, 2409.0pt x 1204.5pt>
File: /Users/ralphtrane/Documents/RPackages_dev/ACEBounds/figures/example_analy
ses/strength_histogram.png Graphic file (type png)
<use /Users/ralphtrane/Documents/RPackages_dev/ACEBounds/figures/example_analys
es/strength_histogram.png>
Package pdftex.def Info: /Users/ralphtrane/Documents/RPackages_dev/ACEBounds/fi
gures/example_analyses/strength_histogram.png  used on input line 3971.
(pdftex.def)             Requested size: 465.02968pt x 232.51483pt.
</Users/ralphtrane/Documents/RPackages_dev/ACEBounds/figures/example_analyses/s
moking_lung_cancer_3_individual_SNPs_plot_ukb-d-20116_0_ukb-d-40001_C349.png, i
d=474, 2409.0pt x 3011.25pt>
File: /Users/ralphtrane/Documents/RPackages_dev/ACEBounds/figures/example_analy
ses/smoking_lung_cancer_3_individual_SNPs_plot_ukb-d-20116_0_ukb-d-40001_C349.p
ng Graphic file (type png)
<use /Users/ralphtrane/Documents/RPackages_dev/ACEBounds/figures/example_analys
es/smoking_lung_cancer_3_individual_SNPs_plot_ukb-d-20116_0_ukb-d-40001_C349.pn
g>
Package pdftex.def Info: /Users/ralphtrane/Documents/RPackages_dev/ACEBounds/fi
gures/example_analyses/smoking_lung_cancer_3_individual_SNPs_plot_ukb-d-20116_0
_ukb-d-40001_C349.png  used on input line 3978.
(pdftex.def)             Requested size: 465.02968pt x 581.2871pt.
[41 </Users/ralphtrane/Documents/RPackages_dev/ACEBounds/figures/example_analys
es/strength_histogram.png>]
</Users/ralphtrane/Documents/RPackages_dev/ACEBounds/figures/example_analyses/s
moking_lung_cancer_3_intersection_bounds_plot_ukb-d-20116_0_ukb-d-40001_C349.pn
g, id=481, 2409.0pt x 1204.5pt>
File: /Users/ralphtrane/Documents/RPackages_dev/ACEBounds/figures/example_analy
ses/smoking_lung_cancer_3_intersection_bounds_plot_ukb-d-20116_0_ukb-d-40001_C3
49.png Graphic file (type png)
<use /Users/ralphtrane/Documents/RPackages_dev/ACEBounds/figures/example_analys
es/smoking_lung_cancer_3_intersection_bounds_plot_ukb-d-20116_0_ukb-d-40001_C34
9.png>
Package pdftex.def Info: /Users/ralphtrane/Documents/RPackages_dev/ACEBounds/fi
gures/example_analyses/smoking_lung_cancer_3_intersection_bounds_plot_ukb-d-201
16_0_ukb-d-40001_C349.png  used on input line 3985.
(pdftex.def)             Requested size: 465.02968pt x 232.51483pt.
[42 </Users/ralphtrane/Documents/RPackages_dev/ACEBounds/figures/example_analys
es/smoking_lung_cancer_3_individual_SNPs_plot_ukb-d-20116_0_ukb-d-40001_C349.pn
g>]
</Users/ralphtrane/Documents/RPackages_dev/ACEBounds/figures/example_analyses/c
holesterol_heart_attack_marginal_Z.png, id=488, 1505.625pt x 602.25pt>
File: /Users/ralphtrane/Documents/RPackages_dev/ACEBounds/figures/example_analy
ses/cholesterol_heart_attack_marginal_Z.png Graphic file (type png)
<use /Users/ralphtrane/Documents/RPackages_dev/ACEBounds/figures/example_analys
es/cholesterol_heart_attack_marginal_Z.png>
Package pdftex.def Info: /Users/ralphtrane/Documents/RPackages_dev/ACEBounds/fi
gures/example_analyses/cholesterol_heart_attack_marginal_Z.png  used on input l
ine 3995.
(pdftex.def)             Requested size: 469.74852pt x 187.8994pt.

LaTeX Warning: Reference `cholesterol-on-heart-attack' on page 43 undefined on 
input line 3996.


LaTeX Warning: Reference `cholesterol-on-heart-attack' on page 43 undefined on 
input line 3996.


LaTeX Warning: Reference `cholesterol-on-heart-attack' on page 43 undefined on 
input line 4001.


LaTeX Warning: Reference `cholesterol-on-heart-attack' on page 43 undefined on 
input line 4001.


Overfull \hbox (22.2222pt too wide) in paragraph at lines 4003--4096
[]$[]$  $[]$ 
 []

[43 </Users/ralphtrane/Documents/RPackages_dev/ACEBounds/figures/example_analys
es/smoking_lung_cancer_3_intersection_bounds_plot_ukb-d-20116_0_ukb-d-40001_C34
9.png> </Users/ralphtrane/Documents/RPackages_dev/ACEBounds/figures/example_ana
lyses/cholesterol_heart_attack_marginal_Z.png>]
</Users/ralphtrane/Documents/RPackages_dev/ACEBounds/figures/example_analyses/c
holesterol_heart_attack_marginal_conditionals.png, id=498, 1505.625pt x 903.375
pt>
File: /Users/ralphtrane/Documents/RPackages_dev/ACEBounds/figures/example_analy
ses/cholesterol_heart_attack_marginal_conditionals.png Graphic file (type png)
<use /Users/ralphtrane/Documents/RPackages_dev/ACEBounds/figures/example_analys
es/cholesterol_heart_attack_marginal_conditionals.png>
Package pdftex.def Info: /Users/ralphtrane/Documents/RPackages_dev/ACEBounds/fi
gures/example_analyses/cholesterol_heart_attack_marginal_conditionals.png  used
 on input line 4100.
(pdftex.def)             Requested size: 465.06183pt x 279.0371pt.
[44]
</Users/ralphtrane/Documents/RPackages_dev/ACEBounds/figures/example_analyses/c
holesterol_heart_attack_coefficients.png, id=506, 1505.625pt x 903.375pt>
File: /Users/ralphtrane/Documents/RPackages_dev/ACEBounds/figures/example_analy
ses/cholesterol_heart_attack_coefficients.png Graphic file (type png)
<use /Users/ralphtrane/Documents/RPackages_dev/ACEBounds/figures/example_analys
es/cholesterol_heart_attack_coefficients.png>
Package pdftex.def Info: /Users/ralphtrane/Documents/RPackages_dev/ACEBounds/fi
gures/example_analyses/cholesterol_heart_attack_coefficients.png  used on input
 line 4107.
(pdftex.def)             Requested size: 469.74852pt x 281.8491pt.
[45 </Users/ralphtrane/Documents/RPackages_dev/ACEBounds/figures/example_analys
es/cholesterol_heart_attack_marginal_conditionals.png>] [46 </Users/ralphtrane/
Documents/RPackages_dev/ACEBounds/figures/example_analyses/cholesterol_heart_at
tack_coefficients.png>]
</Users/ralphtrane/Documents/RPackages_dev/ACEBounds/figures/example_analyses/c
holesterol_heart_attack_strength_histogram.png, id=520, 2409.0pt x 1204.5pt>
File: /Users/ralphtrane/Documents/RPackages_dev/ACEBounds/figures/example_analy
ses/cholesterol_heart_attack_strength_histogram.png Graphic file (type png)
<use /Users/ralphtrane/Documents/RPackages_dev/ACEBounds/figures/example_analys
es/cholesterol_heart_attack_strength_histogram.png>
Package pdftex.def Info: /Users/ralphtrane/Documents/RPackages_dev/ACEBounds/fi
gures/example_analyses/cholesterol_heart_attack_strength_histogram.png  used on
 input line 4195.
(pdftex.def)             Requested size: 465.02968pt x 232.51483pt.
[47]
</Users/ralphtrane/Documents/RPackages_dev/ACEBounds/figures/example_analyses/c
holesterol_heart_attack_individual_SNPs_plot_ukb-a-108_ukb-a-434.png, id=525, 2
409.0pt x 2710.125pt>
File: /Users/ralphtrane/Documents/RPackages_dev/ACEBounds/figures/example_analy
ses/cholesterol_heart_attack_individual_SNPs_plot_ukb-a-108_ukb-a-434.png Graph
ic file (type png)
<use /Users/ralphtrane/Documents/RPackages_dev/ACEBounds/figures/example_analys
es/cholesterol_heart_attack_individual_SNPs_plot_ukb-a-108_ukb-a-434.png>
Package pdftex.def Info: /Users/ralphtrane/Documents/RPackages_dev/ACEBounds/fi
gures/example_analyses/cholesterol_heart_attack_individual_SNPs_plot_ukb-a-108_
ukb-a-434.png  used on input line 4202.
(pdftex.def)             Requested size: 465.02968pt x 523.15839pt.
[48 </Users/ralphtrane/Documents/RPackages_dev/ACEBounds/figures/example_analys
es/cholesterol_heart_attack_strength_histogram.png>]
</Users/ralphtrane/Documents/RPackages_dev/ACEBounds/figures/example_analyses/c
holesterol_heart_attack_intersection_bounds_plot_ukb-a-108_ukb-a-434.png, id=53
2, 2409.0pt x 1204.5pt>
File: /Users/ralphtrane/Documents/RPackages_dev/ACEBounds/figures/example_analy
ses/cholesterol_heart_attack_intersection_bounds_plot_ukb-a-108_ukb-a-434.png G
raphic file (type png)
<use /Users/ralphtrane/Documents/RPackages_dev/ACEBounds/figures/example_analys
es/cholesterol_heart_attack_intersection_bounds_plot_ukb-a-108_ukb-a-434.png>
Package pdftex.def Info: /Users/ralphtrane/Documents/RPackages_dev/ACEBounds/fi
gures/example_analyses/cholesterol_heart_attack_intersection_bounds_plot_ukb-a-
108_ukb-a-434.png  used on input line 4209.
(pdftex.def)             Requested size: 465.02968pt x 232.51483pt.
[49 </Users/ralphtrane/Documents/RPackages_dev/ACEBounds/figures/example_analys
es/cholesterol_heart_attack_individual_SNPs_plot_ukb-a-108_ukb-a-434.png>] [50 
</Users/ralphtrane/Documents/RPackages_dev/ACEBounds/figures/example_analyses/c
holesterol_heart_attack_intersection_bounds_plot_ukb-a-108_ukb-a-434.png>] [51]
[52] [53] (./long_description.aux)
Package rerunfilecheck Info: File `long_description.out' has not changed.
(rerunfilecheck)             Checksum: 0708B03DB6702E58545FCF05DCB884FC;5449.

LaTeX Warning: There were undefined references.


LaTeX Warning: There were multiply-defined labels.

 ) 
Here is how much of TeX's memory you used:
 24059 strings out of 481466
 444996 string characters out of 5920592
 817054 words of memory out of 5000000
 40071 multiletter control sequences out of 15000+600000
 602567 words of font info for 75 fonts, out of 8000000 for 9000
 14 hyphenation exceptions out of 8191
 80i,17n,85p,1840b,536s stack positions out of 5000i,500n,10000p,200000b,80000s
{/Users/ralphtrane/Library/TinyTeX/texmf-dist/fonts/enc/dvips/lm/lm-ec.enc}{/
Users/ralphtrane/Library/TinyTeX/texmf-dist/fonts/enc/dvips/lm/lm-rm.enc}{/User
s/ralphtrane/Library/TinyTeX/texmf-dist/fonts/enc/dvips/lm/lm-mathsy.enc}{/User
s/ralphtrane/Library/TinyTeX/texmf-dist/fonts/enc/dvips/lm/lm-mathex.enc}{/User
s/ralphtrane/Library/TinyTeX/texmf-dist/fonts/enc/dvips/lm/lm-mathit.enc}</User
s/ralphtrane/Library/TinyTeX/texmf-dist/fonts/type1/public/lm/lmbx10.pfb></User
s/ralphtrane/Library/TinyTeX/texmf-dist/fonts/type1/public/lm/lmbx12.pfb></User
s/ralphtrane/Library/TinyTeX/texmf-dist/fonts/type1/public/lm/lmex10.pfb></User
s/ralphtrane/Library/TinyTeX/texmf-dist/fonts/type1/public/lm/lmmi10.pfb></User
s/ralphtrane/Library/TinyTeX/texmf-dist/fonts/type1/public/lm/lmmi7.pfb></Users
/ralphtrane/Library/TinyTeX/texmf-dist/fonts/type1/public/lm/lmr10.pfb></Users/
ralphtrane/Library/TinyTeX/texmf-dist/fonts/type1/public/lm/lmr17.pfb></Users/r
alphtrane/Library/TinyTeX/texmf-dist/fonts/type1/public/lm/lmr5.pfb></Users/ral
phtrane/Library/TinyTeX/texmf-dist/fonts/type1/public/lm/lmr7.pfb></Users/ralph
trane/Library/TinyTeX/texmf-dist/fonts/type1/public/lm/lmr9.pfb></Users/ralphtr
ane/Library/TinyTeX/texmf-dist/fonts/type1/public/lm/lmri10.pfb></Users/ralphtr
ane/Library/TinyTeX/texmf-dist/fonts/type1/public/lm/lmsy10.pfb></Users/ralphtr
ane/Library/TinyTeX/texmf-dist/fonts/type1/public/lm/lmsy5.pfb></Users/ralphtra
ne/Library/TinyTeX/texmf-dist/fonts/type1/public/lm/lmsy7.pfb></Users/ralphtran
e/Library/TinyTeX/texmf-dist/fonts/type1/public/lm/lmtt10.pfb></Users/ralphtran
e/Library/TinyTeX/texmf-dist/fonts/type1/public/amsfonts/symbols/msbm10.pfb>
Output written on long_description.pdf (53 pages, 4326944 bytes).
PDF statistics:
 771 PDF objects out of 1000 (max. 8388607)
 635 compressed objects within 7 object streams
 202 named destinations out of 1000 (max. 500000)
 319 words of extra memory for PDF output out of 10000 (max. 10000000)

